2022-11-04 22:45:26,821 [Worker-1: Loading available Gradle versions] INFO  o.e.b.c.i.u.g.PublishedGradleVersions - Gradle version information cache is up-to-date. Trying to read.
2022-11-06 21:37:30,035 [Worker-3: Loading available Gradle versions] INFO  o.e.b.c.i.u.g.PublishedGradleVersions - Gradle version information cache is out-of-date. Trying to update.
2022-11-10 22:27:12,932 [Worker-3: Loading available Gradle versions] INFO  o.e.b.c.i.u.g.PublishedGradleVersions - Gradle version information cache is up-to-date. Trying to read.
2022-11-18 23:19:51,609 [Worker-3: Loading available Gradle versions] INFO  o.e.b.c.i.u.g.PublishedGradleVersions - Gradle version information cache is up-to-date. Trying to read.
2022-11-18 23:20:39,707 [Worker-0: Loading available Gradle versions] INFO  o.e.b.c.i.u.g.PublishedGradleVersions - Gradle version information cache is up-to-date. Trying to read.
2022-11-24 20:44:01,277 [Worker-3: Loading available Gradle versions] INFO  o.e.b.c.i.u.g.PublishedGradleVersions - Gradle version information cache is out-of-date. Trying to update.
2023-05-12 10:09:46,523 [Worker-0: Loading available Gradle versions] INFO  o.e.b.c.i.u.g.PublishedGradleVersions - Gradle version information cache is out-of-date. Trying to update.
2023-05-13 16:26:35,167 [Worker-3: Loading available Gradle versions] INFO  o.e.b.c.i.u.g.PublishedGradleVersions - Gradle version information cache is out-of-date. Trying to update.
2023-05-15 17:26:02,789 [Worker-3: Loading available Gradle versions] INFO  o.e.b.c.i.u.g.PublishedGradleVersions - Gradle version information cache is out-of-date. Trying to update.
2023-05-16 10:30:06,804 [Worker-10: Loading available Gradle versions] INFO  o.e.b.c.i.u.g.PublishedGradleVersions - Gradle version information cache is up-to-date. Trying to read.
2023-05-22 17:18:50,276 [Worker-0: Loading available Gradle versions] INFO  o.e.b.c.i.u.g.PublishedGradleVersions - Gradle version information cache is up-to-date. Trying to read.
2023-05-24 14:13:22,738 [Worker-4: Loading available Gradle versions] INFO  o.e.b.c.i.u.g.PublishedGradleVersions - Gradle version information cache is out-of-date. Trying to update.
2023-06-30 18:36:08,012 [Worker-0: Loading available Gradle versions] INFO  o.e.b.c.i.u.g.PublishedGradleVersions - Gradle version information cache is out-of-date. Trying to update.
2023-07-03 16:13:53,377 [Worker-5: Loading available Gradle versions] INFO  o.e.b.c.i.u.g.PublishedGradleVersions - Gradle version information cache is out-of-date. Trying to update.
2023-07-05 21:37:35,463 [Worker-5: Loading available Gradle versions] INFO  o.e.b.c.i.u.g.PublishedGradleVersions - Gradle version information cache is out-of-date. Trying to update.
2023-07-07 13:51:56,061 [Worker-4: Loading available Gradle versions] INFO  o.e.b.c.i.u.g.PublishedGradleVersions - Gradle version information cache is out-of-date. Trying to update.
2023-07-31 15:51:30,830 [Worker-4: Loading available Gradle versions] INFO  o.e.b.c.i.u.g.PublishedGradleVersions - Gradle version information cache is out-of-date. Trying to update.
2023-08-27 11:19:21,146 [Worker-6: Loading available Gradle versions] INFO  o.e.b.c.i.u.g.PublishedGradleVersions - Gradle version information cache is out-of-date. Trying to update.
2023-08-27 11:19:53,236 [Worker-4: Updating Maven Dependencies] INFO  o.e.m.c.i.l.LifecycleMappingFactory - Using org.maven.ide.eclipse.wtp.WarLifecycleMapping lifecycle mapping for MavenProject: com.test:app:1.0.0-BUILD-SNAPSHOT @ C:\algo\sex\pom.xml.
2023-08-27 11:19:53,419 [Worker-3: Building workspace] INFO  o.e.m.c.i.l.LifecycleMappingFactory - Using org.maven.ide.eclipse.wtp.WarLifecycleMapping lifecycle mapping for MavenProject: com.test:app:1.0.0-BUILD-SNAPSHOT @ C:\algo\sex\pom.xml.
2023-08-27 11:19:54,657 [Worker-3: Building workspace] WARN  o.e.m.c.i.embedder.EclipseLogger - Using platform encoding (MS932 actually) to copy filtered resources, i.e. build is platform dependent!
2023-08-27 11:19:54,662 [Worker-3: Building workspace] INFO  o.e.m.c.i.embedder.EclipseLogger - Copying 1 resource
2023-08-27 11:19:54,812 [Worker-3: Building workspace] WARN  o.e.m.c.i.embedder.EclipseLogger - Using platform encoding (MS932 actually) to copy filtered resources, i.e. build is platform dependent!
2023-08-27 11:19:54,813 [Worker-4: Updating Maven Dependencies] INFO  o.e.m.c.i.l.LifecycleMappingFactory - Using org.maven.ide.eclipse.wtp.WarLifecycleMapping lifecycle mapping for MavenProject: com.test:app:1.0.0-BUILD-SNAPSHOT @ C:\algo\sex\pom.xml.
2023-08-27 11:19:54,813 [Worker-3: Building workspace] INFO  o.e.m.c.i.embedder.EclipseLogger - Copying 1 resource
2023-08-27 11:19:55,871 [Worker-5: Building] WARN  o.e.m.c.i.embedder.EclipseLogger - Using platform encoding (MS932 actually) to copy filtered resources, i.e. build is platform dependent!
2023-08-27 11:19:55,876 [Worker-5: Building] INFO  o.e.m.c.i.embedder.EclipseLogger - Copying 1 resource
2023-08-27 11:19:55,879 [Worker-5: Building] WARN  o.e.m.c.i.embedder.EclipseLogger - Using platform encoding (MS932 actually) to copy filtered resources, i.e. build is platform dependent!
2023-08-27 11:19:55,881 [Worker-5: Building] INFO  o.e.m.c.i.embedder.EclipseLogger - Copying 1 resource
2023-08-27 11:20:20,115 [Worker-0: Building] WARN  o.e.m.c.i.embedder.EclipseLogger - Using platform encoding (MS932 actually) to copy filtered resources, i.e. build is platform dependent!
2023-08-27 11:20:20,116 [Worker-0: Building] INFO  o.e.m.c.i.embedder.EclipseLogger - Copying 1 resource
2023-08-27 11:20:20,117 [Worker-0: Building] WARN  o.e.m.c.i.embedder.EclipseLogger - Using platform encoding (MS932 actually) to copy filtered resources, i.e. build is platform dependent!
2023-08-27 11:20:20,118 [Worker-0: Building] INFO  o.e.m.c.i.embedder.EclipseLogger - Copying 0 resource
2023-08-27 11:20:35,981 [Worker-4: Building] WARN  o.e.m.c.i.embedder.EclipseLogger - Using platform encoding (MS932 actually) to copy filtered resources, i.e. build is platform dependent!
2023-08-27 11:20:35,982 [Worker-4: Building] INFO  o.e.m.c.i.embedder.EclipseLogger - Copying 1 resource
2023-08-27 11:20:35,984 [Worker-4: Building] WARN  o.e.m.c.i.embedder.EclipseLogger - Using platform encoding (MS932 actually) to copy filtered resources, i.e. build is platform dependent!
2023-08-27 11:20:35,984 [Worker-4: Building] INFO  o.e.m.c.i.embedder.EclipseLogger - Copying 0 resource
2023-08-27 11:21:49,362 [Worker-5: Building] WARN  o.e.m.c.i.embedder.EclipseLogger - Using platform encoding (MS932 actually) to copy filtered resources, i.e. build is platform dependent!
2023-08-27 11:21:49,363 [Worker-5: Building] INFO  o.e.m.c.i.embedder.EclipseLogger - Copying 0 resource
2023-08-27 11:21:49,364 [Worker-5: Building] WARN  o.e.m.c.i.embedder.EclipseLogger - Using platform encoding (MS932 actually) to copy filtered resources, i.e. build is platform dependent!
2023-08-27 11:21:49,364 [Worker-5: Building] INFO  o.e.m.c.i.embedder.EclipseLogger - Copying 0 resource
2023-08-27 11:22:06,773 [Worker-0: Building] WARN  o.e.m.c.i.embedder.EclipseLogger - Using platform encoding (MS932 actually) to copy filtered resources, i.e. build is platform dependent!
2023-08-27 11:22:06,774 [Worker-0: Building] INFO  o.e.m.c.i.embedder.EclipseLogger - Copying 0 resource
2023-08-27 11:22:06,774 [Worker-0: Building] WARN  o.e.m.c.i.embedder.EclipseLogger - Using platform encoding (MS932 actually) to copy filtered resources, i.e. build is platform dependent!
2023-08-27 11:22:06,775 [Worker-0: Building] INFO  o.e.m.c.i.embedder.EclipseLogger - Copying 0 resource
2023-08-27 11:22:52,070 [Worker-5: Building] WARN  o.e.m.c.i.embedder.EclipseLogger - Using platform encoding (MS932 actually) to copy filtered resources, i.e. build is platform dependent!
2023-08-27 11:22:52,071 [Worker-5: Building] INFO  o.e.m.c.i.embedder.EclipseLogger - Copying 0 resource
2023-08-27 11:22:52,072 [Worker-5: Building] WARN  o.e.m.c.i.embedder.EclipseLogger - Using platform encoding (MS932 actually) to copy filtered resources, i.e. build is platform dependent!
2023-08-27 11:22:52,073 [Worker-5: Building] INFO  o.e.m.c.i.embedder.EclipseLogger - Copying 0 resource
2023-08-27 11:24:55,301 [Worker-8: Building] WARN  o.e.m.c.i.embedder.EclipseLogger - Using platform encoding (MS932 actually) to copy filtered resources, i.e. build is platform dependent!
2023-08-27 11:24:55,302 [Worker-8: Building] INFO  o.e.m.c.i.embedder.EclipseLogger - Copying 0 resource
2023-08-27 11:24:55,303 [Worker-8: Building] WARN  o.e.m.c.i.embedder.EclipseLogger - Using platform encoding (MS932 actually) to copy filtered resources, i.e. build is platform dependent!
2023-08-27 11:24:55,304 [Worker-8: Building] INFO  o.e.m.c.i.embedder.EclipseLogger - Copying 0 resource
2023-08-27 11:25:28,396 [Worker-0: Building] WARN  o.e.m.c.i.embedder.EclipseLogger - Using platform encoding (MS932 actually) to copy filtered resources, i.e. build is platform dependent!
2023-08-27 11:25:28,397 [Worker-0: Building] INFO  o.e.m.c.i.embedder.EclipseLogger - Copying 0 resource
2023-08-27 11:25:28,398 [Worker-0: Building] WARN  o.e.m.c.i.embedder.EclipseLogger - Using platform encoding (MS932 actually) to copy filtered resources, i.e. build is platform dependent!
2023-08-27 11:25:28,399 [Worker-0: Building] INFO  o.e.m.c.i.embedder.EclipseLogger - Copying 0 resource
2023-08-27 11:27:03,210 [Worker-9: Building] WARN  o.e.m.c.i.embedder.EclipseLogger - Using platform encoding (MS932 actually) to copy filtered resources, i.e. build is platform dependent!
2023-08-27 11:27:03,212 [Worker-9: Building] INFO  o.e.m.c.i.embedder.EclipseLogger - Copying 1 resource
2023-08-27 11:27:03,213 [Worker-9: Building] WARN  o.e.m.c.i.embedder.EclipseLogger - Using platform encoding (MS932 actually) to copy filtered resources, i.e. build is platform dependent!
2023-08-27 11:27:03,214 [Worker-9: Building] INFO  o.e.m.c.i.embedder.EclipseLogger - Copying 0 resource
2023-08-27 11:27:38,039 [Worker-0: Building] WARN  o.e.m.c.i.embedder.EclipseLogger - Using platform encoding (MS932 actually) to copy filtered resources, i.e. build is platform dependent!
2023-08-27 11:27:38,040 [Worker-0: Building] INFO  o.e.m.c.i.embedder.EclipseLogger - Copying 0 resource
2023-08-27 11:27:38,041 [Worker-0: Building] WARN  o.e.m.c.i.embedder.EclipseLogger - Using platform encoding (MS932 actually) to copy filtered resources, i.e. build is platform dependent!
2023-08-27 11:27:38,042 [Worker-0: Building] INFO  o.e.m.c.i.embedder.EclipseLogger - Copying 0 resource
2023-08-27 11:28:00,196 [Worker-7: Building] WARN  o.e.m.c.i.embedder.EclipseLogger - Using platform encoding (MS932 actually) to copy filtered resources, i.e. build is platform dependent!
2023-08-27 11:28:00,197 [Worker-7: Building] INFO  o.e.m.c.i.embedder.EclipseLogger - Copying 0 resource
2023-08-27 11:28:00,198 [Worker-7: Building] WARN  o.e.m.c.i.embedder.EclipseLogger - Using platform encoding (MS932 actually) to copy filtered resources, i.e. build is platform dependent!
2023-08-27 11:28:00,199 [Worker-7: Building] INFO  o.e.m.c.i.embedder.EclipseLogger - Copying 0 resource
2023-08-27 11:28:55,856 [Worker-7: Building] WARN  o.e.m.c.i.embedder.EclipseLogger - Using platform encoding (MS932 actually) to copy filtered resources, i.e. build is platform dependent!
2023-08-27 11:28:55,858 [Worker-7: Building] INFO  o.e.m.c.i.embedder.EclipseLogger - Copying 0 resource
2023-08-27 11:28:55,859 [Worker-7: Building] WARN  o.e.m.c.i.embedder.EclipseLogger - Using platform encoding (MS932 actually) to copy filtered resources, i.e. build is platform dependent!
2023-08-27 11:28:55,860 [Worker-7: Building] INFO  o.e.m.c.i.embedder.EclipseLogger - Copying 0 resource
2023-08-27 13:51:37,800 [Worker-59: Building] WARN  o.e.m.c.i.embedder.EclipseLogger - Using platform encoding (MS932 actually) to copy filtered resources, i.e. build is platform dependent!
2023-08-27 13:51:37,802 [Worker-59: Building] INFO  o.e.m.c.i.embedder.EclipseLogger - Copying 0 resource
2023-08-27 13:51:37,803 [Worker-59: Building] WARN  o.e.m.c.i.embedder.EclipseLogger - Using platform encoding (MS932 actually) to copy filtered resources, i.e. build is platform dependent!
2023-08-27 13:51:37,803 [Worker-59: Building] INFO  o.e.m.c.i.embedder.EclipseLogger - Copying 0 resource
2023-08-27 13:51:46,521 [Worker-54: Building] WARN  o.e.m.c.i.embedder.EclipseLogger - Using platform encoding (MS932 actually) to copy filtered resources, i.e. build is platform dependent!
2023-08-27 13:51:46,522 [Worker-54: Building] INFO  o.e.m.c.i.embedder.EclipseLogger - Copying 0 resource
2023-08-27 13:51:46,523 [Worker-54: Building] WARN  o.e.m.c.i.embedder.EclipseLogger - Using platform encoding (MS932 actually) to copy filtered resources, i.e. build is platform dependent!
2023-08-27 13:51:46,523 [Worker-54: Building] INFO  o.e.m.c.i.embedder.EclipseLogger - Copying 0 resource
2023-08-27 14:15:22,424 [Worker-64: Building] WARN  o.e.m.c.i.embedder.EclipseLogger - Using platform encoding (MS932 actually) to copy filtered resources, i.e. build is platform dependent!
2023-08-27 14:15:22,425 [Worker-64: Building] INFO  o.e.m.c.i.embedder.EclipseLogger - Copying 0 resource
2023-08-27 14:15:22,426 [Worker-64: Building] WARN  o.e.m.c.i.embedder.EclipseLogger - Using platform encoding (MS932 actually) to copy filtered resources, i.e. build is platform dependent!
2023-08-27 14:15:22,427 [Worker-64: Building] INFO  o.e.m.c.i.embedder.EclipseLogger - Copying 0 resource
2023-08-27 14:16:19,835 [Worker-64: Building] WARN  o.e.m.c.i.embedder.EclipseLogger - Using platform encoding (MS932 actually) to copy filtered resources, i.e. build is platform dependent!
2023-08-27 14:16:19,836 [Worker-64: Building] INFO  o.e.m.c.i.embedder.EclipseLogger - Copying 0 resource
2023-08-27 14:16:19,837 [Worker-64: Building] WARN  o.e.m.c.i.embedder.EclipseLogger - Using platform encoding (MS932 actually) to copy filtered resources, i.e. build is platform dependent!
2023-08-27 14:16:19,838 [Worker-64: Building] INFO  o.e.m.c.i.embedder.EclipseLogger - Copying 0 resource
2023-08-27 14:17:46,539 [Worker-65: Building] WARN  o.e.m.c.i.embedder.EclipseLogger - Using platform encoding (MS932 actually) to copy filtered resources, i.e. build is platform dependent!
2023-08-27 14:17:46,540 [Worker-65: Building] INFO  o.e.m.c.i.embedder.EclipseLogger - Copying 0 resource
2023-08-27 14:17:46,541 [Worker-65: Building] WARN  o.e.m.c.i.embedder.EclipseLogger - Using platform encoding (MS932 actually) to copy filtered resources, i.e. build is platform dependent!
2023-08-27 14:17:46,542 [Worker-65: Building] INFO  o.e.m.c.i.embedder.EclipseLogger - Copying 0 resource
2023-08-27 14:18:10,301 [Worker-66: Building] WARN  o.e.m.c.i.embedder.EclipseLogger - Using platform encoding (MS932 actually) to copy filtered resources, i.e. build is platform dependent!
2023-08-27 14:18:10,302 [Worker-66: Building] INFO  o.e.m.c.i.embedder.EclipseLogger - Copying 0 resource
2023-08-27 14:18:10,302 [Worker-66: Building] WARN  o.e.m.c.i.embedder.EclipseLogger - Using platform encoding (MS932 actually) to copy filtered resources, i.e. build is platform dependent!
2023-08-27 14:18:10,303 [Worker-66: Building] INFO  o.e.m.c.i.embedder.EclipseLogger - Copying 0 resource
2023-08-27 14:18:36,708 [Worker-63: Building] WARN  o.e.m.c.i.embedder.EclipseLogger - Using platform encoding (MS932 actually) to copy filtered resources, i.e. build is platform dependent!
2023-08-27 14:18:36,709 [Worker-63: Building] INFO  o.e.m.c.i.embedder.EclipseLogger - Copying 0 resource
2023-08-27 14:18:36,709 [Worker-63: Building] WARN  o.e.m.c.i.embedder.EclipseLogger - Using platform encoding (MS932 actually) to copy filtered resources, i.e. build is platform dependent!
2023-08-27 14:18:36,710 [Worker-63: Building] INFO  o.e.m.c.i.embedder.EclipseLogger - Copying 0 resource
2023-08-27 14:18:45,429 [Worker-66: Building] WARN  o.e.m.c.i.embedder.EclipseLogger - Using platform encoding (MS932 actually) to copy filtered resources, i.e. build is platform dependent!
2023-08-27 14:18:45,430 [Worker-66: Building] INFO  o.e.m.c.i.embedder.EclipseLogger - Copying 0 resource
2023-08-27 14:18:45,432 [Worker-66: Building] WARN  o.e.m.c.i.embedder.EclipseLogger - Using platform encoding (MS932 actually) to copy filtered resources, i.e. build is platform dependent!
2023-08-27 14:18:45,433 [Worker-66: Building] INFO  o.e.m.c.i.embedder.EclipseLogger - Copying 0 resource
2023-08-27 14:19:06,668 [Worker-63: Building] WARN  o.e.m.c.i.embedder.EclipseLogger - Using platform encoding (MS932 actually) to copy filtered resources, i.e. build is platform dependent!
2023-08-27 14:19:06,669 [Worker-63: Building] INFO  o.e.m.c.i.embedder.EclipseLogger - Copying 0 resource
2023-08-27 14:19:06,670 [Worker-63: Building] WARN  o.e.m.c.i.embedder.EclipseLogger - Using platform encoding (MS932 actually) to copy filtered resources, i.e. build is platform dependent!
2023-08-27 14:19:06,671 [Worker-63: Building] INFO  o.e.m.c.i.embedder.EclipseLogger - Copying 0 resource
2023-08-27 14:19:32,290 [Worker-63: Building] WARN  o.e.m.c.i.embedder.EclipseLogger - Using platform encoding (MS932 actually) to copy filtered resources, i.e. build is platform dependent!
2023-08-27 14:19:32,291 [Worker-63: Building] INFO  o.e.m.c.i.embedder.EclipseLogger - Copying 0 resource
2023-08-27 14:19:32,292 [Worker-63: Building] WARN  o.e.m.c.i.embedder.EclipseLogger - Using platform encoding (MS932 actually) to copy filtered resources, i.e. build is platform dependent!
2023-08-27 14:19:32,293 [Worker-63: Building] INFO  o.e.m.c.i.embedder.EclipseLogger - Copying 0 resource
2023-08-27 14:20:29,943 [Worker-64: Building] WARN  o.e.m.c.i.embedder.EclipseLogger - Using platform encoding (MS932 actually) to copy filtered resources, i.e. build is platform dependent!
2023-08-27 14:20:29,944 [Worker-64: Building] INFO  o.e.m.c.i.embedder.EclipseLogger - Copying 0 resource
2023-08-27 14:20:29,944 [Worker-64: Building] WARN  o.e.m.c.i.embedder.EclipseLogger - Using platform encoding (MS932 actually) to copy filtered resources, i.e. build is platform dependent!
2023-08-27 14:20:29,945 [Worker-64: Building] INFO  o.e.m.c.i.embedder.EclipseLogger - Copying 0 resource
2023-08-27 14:22:22,264 [Worker-65: Building] WARN  o.e.m.c.i.embedder.EclipseLogger - Using platform encoding (MS932 actually) to copy filtered resources, i.e. build is platform dependent!
2023-08-27 14:22:22,265 [Worker-65: Building] INFO  o.e.m.c.i.embedder.EclipseLogger - Copying 0 resource
2023-08-27 14:22:22,266 [Worker-65: Building] WARN  o.e.m.c.i.embedder.EclipseLogger - Using platform encoding (MS932 actually) to copy filtered resources, i.e. build is platform dependent!
2023-08-27 14:22:22,266 [Worker-65: Building] INFO  o.e.m.c.i.embedder.EclipseLogger - Copying 0 resource
2023-08-27 14:22:37,974 [Worker-61: Building] WARN  o.e.m.c.i.embedder.EclipseLogger - Using platform encoding (MS932 actually) to copy filtered resources, i.e. build is platform dependent!
2023-08-27 14:22:37,977 [Worker-61: Building] INFO  o.e.m.c.i.embedder.EclipseLogger - Copying 0 resource
2023-08-27 14:22:37,978 [Worker-61: Building] WARN  o.e.m.c.i.embedder.EclipseLogger - Using platform encoding (MS932 actually) to copy filtered resources, i.e. build is platform dependent!
2023-08-27 14:22:37,980 [Worker-61: Building] INFO  o.e.m.c.i.embedder.EclipseLogger - Copying 0 resource
2023-08-27 14:23:08,438 [Worker-67: Building] WARN  o.e.m.c.i.embedder.EclipseLogger - Using platform encoding (MS932 actually) to copy filtered resources, i.e. build is platform dependent!
2023-08-27 14:23:08,439 [Worker-67: Building] INFO  o.e.m.c.i.embedder.EclipseLogger - Copying 0 resource
2023-08-27 14:23:08,439 [Worker-67: Building] WARN  o.e.m.c.i.embedder.EclipseLogger - Using platform encoding (MS932 actually) to copy filtered resources, i.e. build is platform dependent!
2023-08-27 14:23:08,440 [Worker-67: Building] INFO  o.e.m.c.i.embedder.EclipseLogger - Copying 0 resource
2023-08-27 14:24:15,285 [Worker-68: Building] WARN  o.e.m.c.i.embedder.EclipseLogger - Using platform encoding (MS932 actually) to copy filtered resources, i.e. build is platform dependent!
2023-08-27 14:24:15,286 [Worker-68: Building] INFO  o.e.m.c.i.embedder.EclipseLogger - Copying 0 resource
2023-08-27 14:24:15,287 [Worker-68: Building] WARN  o.e.m.c.i.embedder.EclipseLogger - Using platform encoding (MS932 actually) to copy filtered resources, i.e. build is platform dependent!
2023-08-27 14:24:15,288 [Worker-68: Building] INFO  o.e.m.c.i.embedder.EclipseLogger - Copying 0 resource
2023-08-27 14:51:26,446 [Worker-75: Building] WARN  o.e.m.c.i.embedder.EclipseLogger - Using platform encoding (MS932 actually) to copy filtered resources, i.e. build is platform dependent!
2023-08-27 14:51:26,447 [Worker-75: Building] INFO  o.e.m.c.i.embedder.EclipseLogger - Copying 0 resource
2023-08-27 14:51:26,449 [Worker-75: Building] WARN  o.e.m.c.i.embedder.EclipseLogger - Using platform encoding (MS932 actually) to copy filtered resources, i.e. build is platform dependent!
2023-08-27 14:51:26,449 [Worker-75: Building] INFO  o.e.m.c.i.embedder.EclipseLogger - Copying 0 resource
2023-08-27 14:51:36,381 [Worker-74: Building] WARN  o.e.m.c.i.embedder.EclipseLogger - Using platform encoding (MS932 actually) to copy filtered resources, i.e. build is platform dependent!
2023-08-27 14:51:36,382 [Worker-74: Building] INFO  o.e.m.c.i.embedder.EclipseLogger - Copying 0 resource
2023-08-27 14:51:36,382 [Worker-74: Building] WARN  o.e.m.c.i.embedder.EclipseLogger - Using platform encoding (MS932 actually) to copy filtered resources, i.e. build is platform dependent!
2023-08-27 14:51:36,383 [Worker-74: Building] INFO  o.e.m.c.i.embedder.EclipseLogger - Copying 0 resource
2023-08-27 14:52:02,428 [Worker-76: Building] WARN  o.e.m.c.i.embedder.EclipseLogger - Using platform encoding (MS932 actually) to copy filtered resources, i.e. build is platform dependent!
2023-08-27 14:52:02,429 [Worker-76: Building] INFO  o.e.m.c.i.embedder.EclipseLogger - Copying 0 resource
2023-08-27 14:52:02,429 [Worker-76: Building] WARN  o.e.m.c.i.embedder.EclipseLogger - Using platform encoding (MS932 actually) to copy filtered resources, i.e. build is platform dependent!
2023-08-27 14:52:02,430 [Worker-76: Building] INFO  o.e.m.c.i.embedder.EclipseLogger - Copying 0 resource
2023-08-27 14:52:10,195 [Worker-75: Building] WARN  o.e.m.c.i.embedder.EclipseLogger - Using platform encoding (MS932 actually) to copy filtered resources, i.e. build is platform dependent!
2023-08-27 14:52:10,196 [Worker-75: Building] INFO  o.e.m.c.i.embedder.EclipseLogger - Copying 0 resource
2023-08-27 14:52:10,196 [Worker-75: Building] WARN  o.e.m.c.i.embedder.EclipseLogger - Using platform encoding (MS932 actually) to copy filtered resources, i.e. build is platform dependent!
2023-08-27 14:52:10,197 [Worker-75: Building] INFO  o.e.m.c.i.embedder.EclipseLogger - Copying 0 resource
2023-08-27 14:53:15,078 [Worker-76: Building] WARN  o.e.m.c.i.embedder.EclipseLogger - Using platform encoding (MS932 actually) to copy filtered resources, i.e. build is platform dependent!
2023-08-27 14:53:15,080 [Worker-76: Building] INFO  o.e.m.c.i.embedder.EclipseLogger - Copying 0 resource
2023-08-27 14:53:15,081 [Worker-76: Building] WARN  o.e.m.c.i.embedder.EclipseLogger - Using platform encoding (MS932 actually) to copy filtered resources, i.e. build is platform dependent!
2023-08-27 14:53:15,082 [Worker-76: Building] INFO  o.e.m.c.i.embedder.EclipseLogger - Copying 0 resource
2023-08-27 14:53:27,191 [Worker-79: Building] WARN  o.e.m.c.i.embedder.EclipseLogger - Using platform encoding (MS932 actually) to copy filtered resources, i.e. build is platform dependent!
2023-08-27 14:53:27,192 [Worker-79: Building] INFO  o.e.m.c.i.embedder.EclipseLogger - Copying 0 resource
2023-08-27 14:53:27,193 [Worker-79: Building] WARN  o.e.m.c.i.embedder.EclipseLogger - Using platform encoding (MS932 actually) to copy filtered resources, i.e. build is platform dependent!
2023-08-27 14:53:27,193 [Worker-79: Building] INFO  o.e.m.c.i.embedder.EclipseLogger - Copying 0 resource
2023-08-27 14:53:51,166 [Worker-76: Building] WARN  o.e.m.c.i.embedder.EclipseLogger - Using platform encoding (MS932 actually) to copy filtered resources, i.e. build is platform dependent!
2023-08-27 14:53:51,167 [Worker-76: Building] INFO  o.e.m.c.i.embedder.EclipseLogger - Copying 0 resource
2023-08-27 14:53:51,168 [Worker-76: Building] WARN  o.e.m.c.i.embedder.EclipseLogger - Using platform encoding (MS932 actually) to copy filtered resources, i.e. build is platform dependent!
2023-08-27 14:53:51,169 [Worker-76: Building] INFO  o.e.m.c.i.embedder.EclipseLogger - Copying 0 resource
2023-08-27 14:54:33,626 [Worker-75: Building] WARN  o.e.m.c.i.embedder.EclipseLogger - Using platform encoding (MS932 actually) to copy filtered resources, i.e. build is platform dependent!
2023-08-27 14:54:33,627 [Worker-75: Building] INFO  o.e.m.c.i.embedder.EclipseLogger - Copying 0 resource
2023-08-27 14:54:33,628 [Worker-75: Building] WARN  o.e.m.c.i.embedder.EclipseLogger - Using platform encoding (MS932 actually) to copy filtered resources, i.e. build is platform dependent!
2023-08-27 14:54:33,628 [Worker-75: Building] INFO  o.e.m.c.i.embedder.EclipseLogger - Copying 0 resource
2023-08-27 14:56:15,080 [Worker-79: Building] WARN  o.e.m.c.i.embedder.EclipseLogger - Using platform encoding (MS932 actually) to copy filtered resources, i.e. build is platform dependent!
2023-08-27 14:56:15,080 [Worker-79: Building] INFO  o.e.m.c.i.embedder.EclipseLogger - Copying 0 resource
2023-08-27 14:56:15,081 [Worker-79: Building] WARN  o.e.m.c.i.embedder.EclipseLogger - Using platform encoding (MS932 actually) to copy filtered resources, i.e. build is platform dependent!
2023-08-27 14:56:15,082 [Worker-79: Building] INFO  o.e.m.c.i.embedder.EclipseLogger - Copying 0 resource
2023-08-27 14:56:44,969 [Worker-75: Building] WARN  o.e.m.c.i.embedder.EclipseLogger - Using platform encoding (MS932 actually) to copy filtered resources, i.e. build is platform dependent!
2023-08-27 14:56:44,971 [Worker-75: Building] INFO  o.e.m.c.i.embedder.EclipseLogger - Copying 0 resource
2023-08-27 14:56:44,972 [Worker-75: Building] WARN  o.e.m.c.i.embedder.EclipseLogger - Using platform encoding (MS932 actually) to copy filtered resources, i.e. build is platform dependent!
2023-08-27 14:56:44,973 [Worker-75: Building] INFO  o.e.m.c.i.embedder.EclipseLogger - Copying 0 resource
2023-08-27 14:58:38,468 [Worker-75: Building] WARN  o.e.m.c.i.embedder.EclipseLogger - Using platform encoding (MS932 actually) to copy filtered resources, i.e. build is platform dependent!
2023-08-27 14:58:38,469 [Worker-75: Building] INFO  o.e.m.c.i.embedder.EclipseLogger - Copying 0 resource
2023-08-27 14:58:38,469 [Worker-75: Building] WARN  o.e.m.c.i.embedder.EclipseLogger - Using platform encoding (MS932 actually) to copy filtered resources, i.e. build is platform dependent!
2023-08-27 14:58:38,470 [Worker-75: Building] INFO  o.e.m.c.i.embedder.EclipseLogger - Copying 0 resource
2023-08-27 14:59:16,204 [Worker-75: Building] WARN  o.e.m.c.i.embedder.EclipseLogger - Using platform encoding (MS932 actually) to copy filtered resources, i.e. build is platform dependent!
2023-08-27 14:59:16,205 [Worker-75: Building] INFO  o.e.m.c.i.embedder.EclipseLogger - Copying 0 resource
2023-08-27 14:59:16,205 [Worker-75: Building] WARN  o.e.m.c.i.embedder.EclipseLogger - Using platform encoding (MS932 actually) to copy filtered resources, i.e. build is platform dependent!
2023-08-27 14:59:16,206 [Worker-75: Building] INFO  o.e.m.c.i.embedder.EclipseLogger - Copying 0 resource
2023-08-27 15:00:48,309 [Worker-75: Building] WARN  o.e.m.c.i.embedder.EclipseLogger - Using platform encoding (MS932 actually) to copy filtered resources, i.e. build is platform dependent!
2023-08-27 15:00:48,310 [Worker-75: Building] INFO  o.e.m.c.i.embedder.EclipseLogger - Copying 0 resource
2023-08-27 15:00:48,310 [Worker-75: Building] WARN  o.e.m.c.i.embedder.EclipseLogger - Using platform encoding (MS932 actually) to copy filtered resources, i.e. build is platform dependent!
2023-08-27 15:00:48,311 [Worker-75: Building] INFO  o.e.m.c.i.embedder.EclipseLogger - Copying 0 resource
2023-08-27 15:00:53,660 [Worker-74: Building] WARN  o.e.m.c.i.embedder.EclipseLogger - Using platform encoding (MS932 actually) to copy filtered resources, i.e. build is platform dependent!
2023-08-27 15:00:53,661 [Worker-74: Building] INFO  o.e.m.c.i.embedder.EclipseLogger - Copying 0 resource
2023-08-27 15:00:53,661 [Worker-74: Building] WARN  o.e.m.c.i.embedder.EclipseLogger - Using platform encoding (MS932 actually) to copy filtered resources, i.e. build is platform dependent!
2023-08-27 15:00:53,662 [Worker-74: Building] INFO  o.e.m.c.i.embedder.EclipseLogger - Copying 0 resource
2023-08-27 15:02:15,450 [Worker-84: Building] WARN  o.e.m.c.i.embedder.EclipseLogger - Using platform encoding (MS932 actually) to copy filtered resources, i.e. build is platform dependent!
2023-08-27 15:02:15,451 [Worker-84: Building] INFO  o.e.m.c.i.embedder.EclipseLogger - Copying 0 resource
2023-08-27 15:02:15,452 [Worker-84: Building] WARN  o.e.m.c.i.embedder.EclipseLogger - Using platform encoding (MS932 actually) to copy filtered resources, i.e. build is platform dependent!
2023-08-27 15:02:15,453 [Worker-84: Building] INFO  o.e.m.c.i.embedder.EclipseLogger - Copying 0 resource
2023-08-27 15:02:18,718 [Worker-83: Building] WARN  o.e.m.c.i.embedder.EclipseLogger - Using platform encoding (MS932 actually) to copy filtered resources, i.e. build is platform dependent!
2023-08-27 15:02:18,719 [Worker-83: Building] INFO  o.e.m.c.i.embedder.EclipseLogger - Copying 0 resource
2023-08-27 15:02:18,720 [Worker-83: Building] WARN  o.e.m.c.i.embedder.EclipseLogger - Using platform encoding (MS932 actually) to copy filtered resources, i.e. build is platform dependent!
2023-08-27 15:02:18,721 [Worker-83: Building] INFO  o.e.m.c.i.embedder.EclipseLogger - Copying 0 resource
2023-08-27 15:03:10,816 [Worker-75: Building] WARN  o.e.m.c.i.embedder.EclipseLogger - Using platform encoding (MS932 actually) to copy filtered resources, i.e. build is platform dependent!
2023-08-27 15:03:10,817 [Worker-75: Building] INFO  o.e.m.c.i.embedder.EclipseLogger - Copying 0 resource
2023-08-27 15:03:10,818 [Worker-75: Building] WARN  o.e.m.c.i.embedder.EclipseLogger - Using platform encoding (MS932 actually) to copy filtered resources, i.e. build is platform dependent!
2023-08-27 15:03:10,818 [Worker-75: Building] INFO  o.e.m.c.i.embedder.EclipseLogger - Copying 0 resource
2023-08-27 18:53:39,031 [Worker-132: Building] WARN  o.e.m.c.i.embedder.EclipseLogger - Using platform encoding (MS932 actually) to copy filtered resources, i.e. build is platform dependent!
2023-08-27 18:53:39,041 [Worker-132: Building] INFO  o.e.m.c.i.embedder.EclipseLogger - Copying 0 resource
2023-08-27 18:53:39,042 [Worker-132: Building] WARN  o.e.m.c.i.embedder.EclipseLogger - Using platform encoding (MS932 actually) to copy filtered resources, i.e. build is platform dependent!
2023-08-27 18:53:39,043 [Worker-132: Building] INFO  o.e.m.c.i.embedder.EclipseLogger - Copying 0 resource
2023-08-27 18:56:59,621 [Worker-137: Building] WARN  o.e.m.c.i.embedder.EclipseLogger - Using platform encoding (MS932 actually) to copy filtered resources, i.e. build is platform dependent!
2023-08-27 18:56:59,623 [Worker-137: Building] INFO  o.e.m.c.i.embedder.EclipseLogger - Copying 0 resource
2023-08-27 18:56:59,623 [Worker-137: Building] WARN  o.e.m.c.i.embedder.EclipseLogger - Using platform encoding (MS932 actually) to copy filtered resources, i.e. build is platform dependent!
2023-08-27 18:56:59,624 [Worker-137: Building] INFO  o.e.m.c.i.embedder.EclipseLogger - Copying 0 resource
2023-08-27 18:58:48,049 [Worker-136: Building] WARN  o.e.m.c.i.embedder.EclipseLogger - Using platform encoding (MS932 actually) to copy filtered resources, i.e. build is platform dependent!
2023-08-27 18:58:48,050 [Worker-136: Building] INFO  o.e.m.c.i.embedder.EclipseLogger - Copying 0 resource
2023-08-27 18:58:48,050 [Worker-136: Building] WARN  o.e.m.c.i.embedder.EclipseLogger - Using platform encoding (MS932 actually) to copy filtered resources, i.e. build is platform dependent!
2023-08-27 18:58:48,051 [Worker-136: Building] INFO  o.e.m.c.i.embedder.EclipseLogger - Copying 0 resource
2023-08-27 18:59:03,287 [Worker-137: Building] WARN  o.e.m.c.i.embedder.EclipseLogger - Using platform encoding (MS932 actually) to copy filtered resources, i.e. build is platform dependent!
2023-08-27 18:59:03,288 [Worker-137: Building] INFO  o.e.m.c.i.embedder.EclipseLogger - Copying 1 resource
2023-08-27 18:59:03,289 [Worker-137: Building] WARN  o.e.m.c.i.embedder.EclipseLogger - Using platform encoding (MS932 actually) to copy filtered resources, i.e. build is platform dependent!
2023-08-27 18:59:03,290 [Worker-137: Building] INFO  o.e.m.c.i.embedder.EclipseLogger - Copying 0 resource
2023-08-27 18:59:16,421 [Worker-134: Building] WARN  o.e.m.c.i.embedder.EclipseLogger - Using platform encoding (MS932 actually) to copy filtered resources, i.e. build is platform dependent!
2023-08-27 18:59:16,422 [Worker-134: Building] INFO  o.e.m.c.i.embedder.EclipseLogger - Copying 1 resource
2023-08-27 18:59:16,423 [Worker-134: Building] WARN  o.e.m.c.i.embedder.EclipseLogger - Using platform encoding (MS932 actually) to copy filtered resources, i.e. build is platform dependent!
2023-08-27 18:59:16,424 [Worker-134: Building] INFO  o.e.m.c.i.embedder.EclipseLogger - Copying 0 resource
2023-08-27 18:59:23,765 [Worker-137: Building] WARN  o.e.m.c.i.embedder.EclipseLogger - Using platform encoding (MS932 actually) to copy filtered resources, i.e. build is platform dependent!
2023-08-27 18:59:23,766 [Worker-137: Building] INFO  o.e.m.c.i.embedder.EclipseLogger - Copying 0 resource
2023-08-27 18:59:23,767 [Worker-137: Building] WARN  o.e.m.c.i.embedder.EclipseLogger - Using platform encoding (MS932 actually) to copy filtered resources, i.e. build is platform dependent!
2023-08-27 18:59:23,767 [Worker-137: Building] INFO  o.e.m.c.i.embedder.EclipseLogger - Copying 0 resource
2023-08-27 18:59:36,757 [Worker-132: Building] WARN  o.e.m.c.i.embedder.EclipseLogger - Using platform encoding (MS932 actually) to copy filtered resources, i.e. build is platform dependent!
2023-08-27 18:59:36,758 [Worker-132: Building] INFO  o.e.m.c.i.embedder.EclipseLogger - Copying 1 resource
2023-08-27 18:59:36,759 [Worker-132: Building] WARN  o.e.m.c.i.embedder.EclipseLogger - Using platform encoding (MS932 actually) to copy filtered resources, i.e. build is platform dependent!
2023-08-27 18:59:36,759 [Worker-132: Building] INFO  o.e.m.c.i.embedder.EclipseLogger - Copying 0 resource
2023-08-27 19:00:01,251 [Worker-134: Building] WARN  o.e.m.c.i.embedder.EclipseLogger - Using platform encoding (MS932 actually) to copy filtered resources, i.e. build is platform dependent!
2023-08-27 19:00:01,254 [Worker-134: Building] INFO  o.e.m.c.i.embedder.EclipseLogger - Copying 1 resource
2023-08-27 19:00:01,254 [Worker-134: Building] WARN  o.e.m.c.i.embedder.EclipseLogger - Using platform encoding (MS932 actually) to copy filtered resources, i.e. build is platform dependent!
2023-08-27 19:00:01,255 [Worker-134: Building] INFO  o.e.m.c.i.embedder.EclipseLogger - Copying 0 resource
2023-08-27 19:08:40,739 [Worker-143: Building] WARN  o.e.m.c.i.embedder.EclipseLogger - Using platform encoding (MS932 actually) to copy filtered resources, i.e. build is platform dependent!
2023-08-27 19:08:40,741 [Worker-143: Building] INFO  o.e.m.c.i.embedder.EclipseLogger - Copying 1 resource
2023-08-27 19:08:40,742 [Worker-143: Building] WARN  o.e.m.c.i.embedder.EclipseLogger - Using platform encoding (MS932 actually) to copy filtered resources, i.e. build is platform dependent!
2023-08-27 19:08:40,743 [Worker-143: Building] INFO  o.e.m.c.i.embedder.EclipseLogger - Copying 0 resource
